<?xml version="1.0" encoding="UTF-8"?>
<!-- Generated by org.testng.reporters.JUnitReportReporter -->
<testsuite skipped="0" hostname="DESKTOP-9D0UF9G" name="MainClass.NewTab" tests="1" failures="0" timestamp="2021-01-20T20:12:45 IST" time="0.051" errors="0">
  <testcase name="testing" time="0.051" classname="MainClass.NewTab"/>
  <system-out/>
</testsuite> <!-- MainClass.NewTab -->
